
Circuit 1 cell sky130_fd_pr__nfet_g5v0d10v5 and Circuit 2 cell sky130_fd_pr__nfet_g5v0d10v5 are black boxes.
Warning: Equate pins:  cell sky130_fd_pr__nfet_g5v0d10v5 is a placeholder, treated as a black box.
Warning: Equate pins:  cell sky130_fd_pr__nfet_g5v0d10v5 is a placeholder, treated as a black box.

Subcircuit pins:
Circuit 1: sky130_fd_pr__nfet_g5v0d10v5    |Circuit 2: sky130_fd_pr__nfet_g5v0d10v5    
-------------------------------------------|-------------------------------------------
1                                          |1                                          
2                                          |2                                          
3                                          |3                                          
4                                          |4                                          
---------------------------------------------------------------------------------------
Cell pin lists are equivalent.
Device classes sky130_fd_pr__nfet_g5v0d10v5 and sky130_fd_pr__nfet_g5v0d10v5 are equivalent.

Circuit 1 cell sky130_fd_pr__pfet_g5v0d10v5 and Circuit 2 cell sky130_fd_pr__pfet_g5v0d10v5 are black boxes.
Warning: Equate pins:  cell sky130_fd_pr__pfet_g5v0d10v5 is a placeholder, treated as a black box.
Warning: Equate pins:  cell sky130_fd_pr__pfet_g5v0d10v5 is a placeholder, treated as a black box.

Subcircuit pins:
Circuit 1: sky130_fd_pr__pfet_g5v0d10v5    |Circuit 2: sky130_fd_pr__pfet_g5v0d10v5    
-------------------------------------------|-------------------------------------------
1                                          |1                                          
2                                          |2                                          
3                                          |3                                          
4                                          |4                                          
---------------------------------------------------------------------------------------
Cell pin lists are equivalent.
Device classes sky130_fd_pr__pfet_g5v0d10v5 and sky130_fd_pr__pfet_g5v0d10v5 are equivalent.

Circuit 1 cell sky130_fd_pr__pfet_01v8 and Circuit 2 cell sky130_fd_pr__pfet_01v8 are black boxes.
Warning: Equate pins:  cell sky130_fd_pr__pfet_01v8 is a placeholder, treated as a black box.
Warning: Equate pins:  cell sky130_fd_pr__pfet_01v8 is a placeholder, treated as a black box.

Subcircuit pins:
Circuit 1: sky130_fd_pr__pfet_01v8         |Circuit 2: sky130_fd_pr__pfet_01v8         
-------------------------------------------|-------------------------------------------
1                                          |1                                          
2                                          |2                                          
3                                          |3                                          
4                                          |4                                          
---------------------------------------------------------------------------------------
Cell pin lists are equivalent.
Device classes sky130_fd_pr__pfet_01v8 and sky130_fd_pr__pfet_01v8 are equivalent.

Circuit 1 cell sky130_fd_pr__nfet_01v8 and Circuit 2 cell sky130_fd_pr__nfet_01v8 are black boxes.
Warning: Equate pins:  cell sky130_fd_pr__nfet_01v8 is a placeholder, treated as a black box.
Warning: Equate pins:  cell sky130_fd_pr__nfet_01v8 is a placeholder, treated as a black box.

Subcircuit pins:
Circuit 1: sky130_fd_pr__nfet_01v8         |Circuit 2: sky130_fd_pr__nfet_01v8         
-------------------------------------------|-------------------------------------------
1                                          |1                                          
2                                          |2                                          
3                                          |3                                          
4                                          |4                                          
---------------------------------------------------------------------------------------
Cell pin lists are equivalent.
Device classes sky130_fd_pr__nfet_01v8 and sky130_fd_pr__nfet_01v8 are equivalent.
Flattening unmatched subcell sky130_fd_pr__nfet_g5v0d10v5_69BJMM in circuit trans_gate (0)(1 instance)
Flattening unmatched subcell sky130_fd_pr__pfet_g5v0d10v5_E7V9VM in circuit trans_gate (0)(1 instance)

Subcircuit summary:
Circuit 1: trans_gate                      |Circuit 2: trans_gate                      
-------------------------------------------|-------------------------------------------
sky130_fd_pr__nfet_g5v0d10v5 (1)           |sky130_fd_pr__nfet_g5v0d10v5 (1)           
sky130_fd_pr__pfet_g5v0d10v5 (1)           |sky130_fd_pr__pfet_g5v0d10v5 (1)           
Number of devices: 2                       |Number of devices: 2                       
Number of nets: 6                          |Number of nets: 6                          
---------------------------------------------------------------------------------------
Resolving symmetries by property value.
Resolving symmetries by pin name.
Netlists match uniquely.

Subcircuit pins:
Circuit 1: trans_gate                      |Circuit 2: trans_gate                      
-------------------------------------------|-------------------------------------------
in                                         |in                                         
out                                        |out                                        
ena                                        |ena                                        
vss                                        |vss                                        
ena_b                                      |ena_b                                      
avdd                                       |avdd                                       
---------------------------------------------------------------------------------------
Cell pin lists are equivalent.
Device classes trans_gate and trans_gate are equivalent.
Flattening unmatched subcell sky130_fd_pr__pfet_01v8_XTWSDC in circuit comp_hyst (0)(9 instances)
Flattening unmatched subcell sky130_fd_pr__nfet_01v8_7ZF23Z in circuit comp_hyst (0)(2 instances)
Flattening unmatched subcell sky130_fd_pr__nfet_01v8_V433WY in circuit comp_hyst (0)(4 instances)
Flattening unmatched subcell sky130_fd_pr__pfet_01v8_C2YSV5 in circuit comp_hyst (0)(3 instances)
Flattening unmatched subcell sky130_fd_pr__pfet_01v8_J2L9E5 in circuit comp_hyst (0)(20 instances)
Flattening unmatched subcell sky130_fd_pr__pfet_01v8_GGMWVD in circuit comp_hyst (0)(5 instances)
Flattening unmatched subcell sky130_fd_pr__pfet_01v8_CDT3CS in circuit comp_hyst (0)(3 instances)
Flattening unmatched subcell sky130_fd_pr__nfet_g5v0d10v5_CD9S2Z in circuit comp_hyst (0)(4 instances)
Flattening unmatched subcell sky130_fd_pr__diode_pw2nd_05v5_F6RBXN in circuit comp_hyst (0)(3 instances)
Flattening unmatched subcell sky130_fd_pr__pfet_01v8_3HBZVM in circuit comp_hyst (0)(1 instance)
Flattening unmatched subcell sky130_fd_pr__nfet_g5v0d10v5_4T6WVE in circuit comp_hyst (0)(8 instances)
Flattening unmatched subcell sky130_fd_pr__nfet_g5v0d10v5_6975WM in circuit comp_hyst (0)(4 instances)
Flattening unmatched subcell sky130_fd_pr__nfet_01v8_697RXD in circuit comp_hyst (0)(1 instance)
Flattening unmatched subcell sky130_fd_pr__nfet_g5v0d10v5_DEN7YK in circuit comp_hyst (0)(2 instances)
Flattening unmatched subcell sky130_fd_pr__pfet_01v8_G3L97A in circuit comp_hyst (0)(2 instances)
Flattening unmatched subcell sky130_fd_pr__nfet_01v8_C8TQ3N in circuit comp_hyst (0)(1 instance)

Class comp_hyst (0):  Merged 48 parallel devices.
Class comp_hyst (1):  Merged 48 parallel devices.
Subcircuit summary:
Circuit 1: comp_hyst                       |Circuit 2: comp_hyst                       
-------------------------------------------|-------------------------------------------
sky130_fd_pr__pfet_01v8 (43->10)           |sky130_fd_pr__pfet_01v8 (43->10)           
sky130_fd_pr__nfet_01v8 (8)                |sky130_fd_pr__nfet_01v8 (8)                
trans_gate (1)                             |trans_gate (1)                             
sky130_fd_pr__nfet_g5v0d10v5 (18->3)       |sky130_fd_pr__nfet_g5v0d10v5 (18->3)       
sky130_fd_pr__diode_pw2nd_05v5 (3)         |sky130_fd_pr__diode_pw2nd_05v5 (3)         
Number of devices: 25                      |Number of devices: 25                      
Number of nets: 13                         |Number of nets: 13                         
---------------------------------------------------------------------------------------
Netlists match uniquely with port errors.

Subcircuit pins:
Circuit 1: comp_hyst                       |Circuit 2: comp_hyst                       
-------------------------------------------|-------------------------------------------
vin                                        |vin                                        
vref                                       |vref                                       
ibias                                      |ibias                                      
ena                                        |ena                                        
vss                                        |vss                                        
(no matching pin)                          |dvdd                                       
(no matching pin)                          |out                                        
---------------------------------------------------------------------------------------
Cell pin lists for comp_hyst and comp_hyst altered to match.
Device classes comp_hyst and comp_hyst are equivalent.

Final result: Top level cell failed pin matching.
