
Circuit 1 cell sky130_fd_pr__pfet_g5v0d10v5 and Circuit 2 cell sky130_fd_pr__pfet_g5v0d10v5 are black boxes.
Warning: Equate pins:  cell sky130_fd_pr__pfet_g5v0d10v5 is a placeholder, treated as a black box.
Warning: Equate pins:  cell sky130_fd_pr__pfet_g5v0d10v5 is a placeholder, treated as a black box.

Subcircuit pins:
Circuit 1: sky130_fd_pr__pfet_g5v0d10v5    |Circuit 2: sky130_fd_pr__pfet_g5v0d10v5    
-------------------------------------------|-------------------------------------------
1                                          |1                                          
2                                          |2                                          
3                                          |3                                          
4                                          |4                                          
---------------------------------------------------------------------------------------
Cell pin lists are equivalent.
Device classes sky130_fd_pr__pfet_g5v0d10v5 and sky130_fd_pr__pfet_g5v0d10v5 are equivalent.

Circuit 1 cell sky130_fd_pr__nfet_g5v0d10v5 and Circuit 2 cell sky130_fd_pr__nfet_g5v0d10v5 are black boxes.
Warning: Equate pins:  cell sky130_fd_pr__nfet_g5v0d10v5 is a placeholder, treated as a black box.
Warning: Equate pins:  cell sky130_fd_pr__nfet_g5v0d10v5 is a placeholder, treated as a black box.

Subcircuit pins:
Circuit 1: sky130_fd_pr__nfet_g5v0d10v5    |Circuit 2: sky130_fd_pr__nfet_g5v0d10v5    
-------------------------------------------|-------------------------------------------
1                                          |1                                          
2                                          |2                                          
3                                          |3                                          
4                                          |4                                          
---------------------------------------------------------------------------------------
Cell pin lists are equivalent.
Device classes sky130_fd_pr__nfet_g5v0d10v5 and sky130_fd_pr__nfet_g5v0d10v5 are equivalent.

Circuit 1 cell sky130_fd_pr__nfet_01v8 and Circuit 2 cell sky130_fd_pr__nfet_01v8 are black boxes.
Warning: Equate pins:  cell sky130_fd_pr__nfet_01v8 is a placeholder, treated as a black box.
Warning: Equate pins:  cell sky130_fd_pr__nfet_01v8 is a placeholder, treated as a black box.

Subcircuit pins:
Circuit 1: sky130_fd_pr__nfet_01v8         |Circuit 2: sky130_fd_pr__nfet_01v8         
-------------------------------------------|-------------------------------------------
1                                          |1                                          
2                                          |2                                          
3                                          |3                                          
4                                          |4                                          
---------------------------------------------------------------------------------------
Cell pin lists are equivalent.
Device classes sky130_fd_pr__nfet_01v8 and sky130_fd_pr__nfet_01v8 are equivalent.

Circuit 1 cell sky130_fd_pr__pfet_01v8 and Circuit 2 cell sky130_fd_pr__pfet_01v8 are black boxes.
Warning: Equate pins:  cell sky130_fd_pr__pfet_01v8 is a placeholder, treated as a black box.
Warning: Equate pins:  cell sky130_fd_pr__pfet_01v8 is a placeholder, treated as a black box.

Subcircuit pins:
Circuit 1: sky130_fd_pr__pfet_01v8         |Circuit 2: sky130_fd_pr__pfet_01v8         
-------------------------------------------|-------------------------------------------
1                                          |1                                          
2                                          |2                                          
3                                          |3                                          
4                                          |4                                          
---------------------------------------------------------------------------------------
Cell pin lists are equivalent.
Device classes sky130_fd_pr__pfet_01v8 and sky130_fd_pr__pfet_01v8 are equivalent.
Flattening unmatched subcell sky130_fd_pr__pfet_g5v0d10v5_YHAZV5 in circuit level_shifter (0)(2 instances)
Flattening unmatched subcell sky130_fd_pr__diode_pw2nd_05v5_37RBXE in circuit level_shifter (0)(1 instance)
Flattening unmatched subcell sky130_fd_pr__nfet_g5v0d10v5_EEVBR7 in circuit level_shifter (0)(2 instances)
Flattening unmatched subcell sky130_fd_pr__nfet_01v8_MG6U6H in circuit level_shifter (0)(1 instance)
Flattening unmatched subcell sky130_fd_pr__pfet_01v8_J2L9Q3 in circuit level_shifter (0)(1 instance)

Subcircuit summary:
Circuit 1: level_shifter                   |Circuit 2: level_shifter                   
-------------------------------------------|-------------------------------------------
sky130_fd_pr__pfet_g5v0d10v5 (2)           |sky130_fd_pr__pfet_g5v0d10v5 (2)           
sky130_fd_pr__diode_pw2nd_05v5 (1)         |sky130_fd_pr__diode_pw2nd_05v5 (1)         
sky130_fd_pr__nfet_g5v0d10v5 (2)           |sky130_fd_pr__nfet_g5v0d10v5 (2)           
sky130_fd_pr__nfet_01v8 (1)                |sky130_fd_pr__nfet_01v8 (1)                
sky130_fd_pr__pfet_01v8 (1)                |sky130_fd_pr__pfet_01v8 (1)                
Number of devices: 7                       |Number of devices: 7                       
Number of nets: 7 **Mismatch**             |Number of nets: 8 **Mismatch**             
---------------------------------------------------------------------------------------
NET mismatches: Class fragments follow (with fanout counts):
Circuit 1: level_shifter                   |Circuit 2: level_shifter                   

---------------------------------------------------------------------------------------
Net: avss                                  |Net: avss                                  
  sky130_fd_pr__nfet_g5v0d10v5/(1|3) = 2   |  sky130_fd_pr__nfet_g5v0d10v5/(1|3) = 2   
  sky130_fd_pr__nfet_g5v0d10v5/4 = 2       |  sky130_fd_pr__nfet_g5v0d10v5/4 = 2       
  sky130_fd_pr__diode_pw2nd_05v5/anode = 1 |                                           
  sky130_fd_pr__nfet_01v8/(1|3) = 1        |                                           
  sky130_fd_pr__nfet_01v8/4 = 1            |                                           
                                           |                                           
(no matching net)                          |Net: dvss                                  
                                           |  sky130_fd_pr__nfet_01v8/(1|3) = 1        
                                           |  sky130_fd_pr__nfet_01v8/4 = 1            
                                           |  sky130_fd_pr__diode_pw2nd_05v5/anode = 1 
---------------------------------------------------------------------------------------
Netlists do not match.

Subcircuit pins:
Circuit 1: level_shifter                   |Circuit 2: level_shifter                   
-------------------------------------------|-------------------------------------------
avss                                       |dvss **Mismatch**                          
in                                         |in                                         
avdd                                       |avdd                                       
out_b                                      |out_b                                      
out                                        |out                                        
dvdd                                       |dvdd                                       
(no matching pin)                          |avss                                       
---------------------------------------------------------------------------------------
Cell pin lists for level_shifter and level_shifter altered to match.
Device classes level_shifter and level_shifter are equivalent.

Final result: Top level cell failed pin matching.
